[2025-06-29 23:49:58] [[INFO]] (test_CamSimLogger.cpp:TestBody:14) Logger test info message.
[2025-06-29 23:49:58] [[INFO]] (test_FrameSource.cpp:TestBody:40) DiskFrameSourceTest::InitWithValidVideoFiles
[2025-06-29 23:49:58] [[INFO]] (DiskFrameSource.cpp:CalculateFrameSize:333) RGB/BGR Format: Setting Frame Size: 921600
[2025-06-29 23:49:58] [[INFO]] (test_FrameSource.cpp:TestBody:55) DiskFrameSourceTest::InitWithNoFiles
[2025-06-29 23:49:58] [[INFO]] (DiskFrameSource.cpp:CalculateFrameSize:318) GRAY8 Format: Setting Frame Size: 76800
[2025-06-29 23:49:58] [[ERROR]] (DiskFrameSource.cpp:IFrameSource_Init:88) ERRORCODE_INITIALIZATION_FAILED
[2025-06-29 23:49:58] [[INFO]] (test_FrameSource.cpp:TestBody:82) DiskFrameSourceTest::FrameBufferAllocatedProperly
[2025-06-29 23:49:58] [[INFO]] (DiskFrameSource.cpp:CalculateFrameSize:325) GRAY16 Format: Setting Frame Size: 16384
[2025-06-29 23:49:58] [[INFO]] (test_FrameSource.cpp:TestBody:101) DiskFrameSourceTest::InitTwiceWithoutReset
[2025-06-29 23:49:58] [[INFO]] (DiskFrameSource.cpp:CalculateFrameSize:333) RGB/BGR Format: Setting Frame Size: 49152
[2025-06-29 23:49:58] [[ERROR]] (DiskFrameSource.cpp:IFrameSource_Init:88) ERRORCODE_MEMORY_ALLOC_FAILED
[2025-06-29 23:49:58] [[INFO]] (DiskFrameSource.cpp:CalculateFrameSize:333) RGB/BGR Format: Setting Frame Size: 2764800
[2025-06-29 23:49:58] [[ERROR]] (DiskFrameSource.cpp:PopulateVideoFiles:371) ERRORCODE_INVALID_FILE_OR_DIRECTORY
[2025-06-29 23:49:58] [[ERROR]] (DiskFrameSource.cpp:PopulateVideoFiles:396) ERRORCODE_INVALID_FILE_OR_DIRECTORY
[2025-06-29 23:49:58] [[ERROR]] (DiskFrameSource.cpp:IFrameSource_Init:88) ERRORCODE_INITIALIZATION_FAILED
[2025-06-29 23:49:58] [[ERROR]] (DiskFrameSource.cpp:IFrameSource_Start:169) Invalid File Index
[2025-06-29 23:49:58] [[ERROR]] (DiskFrameSource.cpp:IFrameSource_Start:243) DiskFrameSource Start Failed with error: ERRORCODE_INITIALIZATION_FAILED
[2025-06-29 23:49:58] [[INFO]] (DiskFrameSource.cpp:CalculateFrameSize:333) RGB/BGR Format: Setting Frame Size: 2764800
[2025-06-29 23:49:58] [[ERROR]] (DiskFrameSource.cpp:PopulateVideoFiles:371) ERRORCODE_INVALID_FILE_OR_DIRECTORY
[2025-06-29 23:49:58] [[ERROR]] (DiskFrameSource.cpp:PopulateVideoFiles:396) ERRORCODE_INVALID_FILE_OR_DIRECTORY
[2025-06-29 23:49:58] [[ERROR]] (DiskFrameSource.cpp:IFrameSource_Init:88) ERRORCODE_INITIALIZATION_FAILED
